2013/09/28 02:00:03 [error] [exception.CException] exception 'CException' with message 'В классе CWebApplication и его поведениях не найден метод или замыкание с именем "t".' in D:\yii-1.1.14\base\CComponent.php:266
Stack trace:
#0 D:\OpenServer\domains\rfks.yii\protected\views\site\index.php(7): CComponent->__call('t', Array)
#1 D:\OpenServer\domains\rfks.yii\protected\views\site\index.php(7): CWebApplication->t('Welcome')
#2 D:\yii-1.1.14\web\CBaseController.php(126): require('D:\OpenServer\d...')
#3 D:\yii-1.1.14\web\CBaseController.php(95): CBaseController->renderInternal('D:\OpenServer\d...', NULL, true)
#4 D:\yii-1.1.14\web\CController.php(869): CBaseController->renderFile('D:\OpenServer\d...', NULL, true)
#5 D:\yii-1.1.14\web\CController.php(782): CController->renderPartial('index', NULL, true)
#6 D:\OpenServer\domains\rfks.yii\protected\controllers\SiteController.php(32): CController->render('index')
#7 D:\yii-1.1.14\web\actions\CInlineAction.php(49): SiteController->actionIndex()
#8 D:\yii-1.1.14\web\CController.php(308): CInlineAction->runWithParams(Array)
#9 D:\yii-1.1.14\web\CController.php(286): CController->runAction(Object(CInlineAction))
#10 D:\yii-1.1.14\web\CController.php(265): CController->runActionWithFilters(Object(CInlineAction), Array)
#11 D:\yii-1.1.14\web\CWebApplication.php(282): CController->run('index')
#12 D:\yii-1.1.14\web\CWebApplication.php(141): CWebApplication->runController('site/index')
#13 D:\yii-1.1.14\base\CApplication.php(180): CWebApplication->processRequest()
#14 D:\OpenServer\domains\rfks.yii\index.php(13): CApplication->run()
#15 {main}
REQUEST_URI=/site/index
HTTP_REFERER=http://rfks.yii/site/page?view=about
---
2013/09/28 02:00:04 [error] [exception.CException] exception 'CException' with message 'В классе CWebApplication и его поведениях не найден метод или замыкание с именем "t".' in D:\yii-1.1.14\base\CComponent.php:266
Stack trace:
#0 D:\OpenServer\domains\rfks.yii\protected\views\site\index.php(7): CComponent->__call('t', Array)
#1 D:\OpenServer\domains\rfks.yii\protected\views\site\index.php(7): CWebApplication->t('Welcome')
#2 D:\yii-1.1.14\web\CBaseController.php(126): require('D:\OpenServer\d...')
#3 D:\yii-1.1.14\web\CBaseController.php(95): CBaseController->renderInternal('D:\OpenServer\d...', NULL, true)
#4 D:\yii-1.1.14\web\CController.php(869): CBaseController->renderFile('D:\OpenServer\d...', NULL, true)
#5 D:\yii-1.1.14\web\CController.php(782): CController->renderPartial('index', NULL, true)
#6 D:\OpenServer\domains\rfks.yii\protected\controllers\SiteController.php(32): CController->render('index')
#7 D:\yii-1.1.14\web\actions\CInlineAction.php(49): SiteController->actionIndex()
#8 D:\yii-1.1.14\web\CController.php(308): CInlineAction->runWithParams(Array)
#9 D:\yii-1.1.14\web\CController.php(286): CController->runAction(Object(CInlineAction))
#10 D:\yii-1.1.14\web\CController.php(265): CController->runActionWithFilters(Object(CInlineAction), Array)
#11 D:\yii-1.1.14\web\CWebApplication.php(282): CController->run('index')
#12 D:\yii-1.1.14\web\CWebApplication.php(141): CWebApplication->runController('site/index')
#13 D:\yii-1.1.14\base\CApplication.php(180): CWebApplication->processRequest()
#14 D:\OpenServer\domains\rfks.yii\index.php(13): CApplication->run()
#15 {main}
REQUEST_URI=/site/index
HTTP_REFERER=http://rfks.yii/site/page?view=about
---
2013/09/28 02:08:52 [error] [php] Missing argument 2 for YiiBase::t(), called in D:\OpenServer\domains\rfks.yii\protected\views\site\index.php on line 7 and defined (D:\yii-1.1.14\YiiBase.php:577)
Stack trace:
#0 D:\yii-1.1.14\web\CBaseController.php(95): SiteController->renderInternal()
#1 D:\yii-1.1.14\web\CController.php(869): SiteController->renderFile()
#2 D:\yii-1.1.14\web\CController.php(782): SiteController->renderPartial()
#3 D:\OpenServer\domains\rfks.yii\protected\controllers\SiteController.php(32): SiteController->render()
#4 D:\yii-1.1.14\web\actions\CInlineAction.php(49): SiteController->actionIndex()
#5 D:\yii-1.1.14\web\CController.php(308): CInlineAction->runWithParams()
#6 D:\yii-1.1.14\web\CController.php(286): SiteController->runAction()
#7 D:\yii-1.1.14\web\CController.php(265): SiteController->runActionWithFilters()
#8 D:\yii-1.1.14\web\CWebApplication.php(282): SiteController->run()
#9 D:\yii-1.1.14\web\CWebApplication.php(141): CWebApplication->runController()
#10 D:\yii-1.1.14\base\CApplication.php(180): CWebApplication->processRequest()
#11 D:\OpenServer\domains\rfks.yii\index.php(13): CWebApplication->run()
REQUEST_URI=/site/index
in D:\OpenServer\domains\rfks.yii\protected\views\site\index.php (7)
in D:\OpenServer\domains\rfks.yii\protected\controllers\SiteController.php (32)
in D:\OpenServer\domains\rfks.yii\index.php (13)
